TN:
SF:src\modules\user\services\AuthenticateUserService.ts
FN:52,Object.<anonymous>
FN:52,Object.<anonymous>.__decorate
FN:52,Object.<anonymous>.__metadata
FN:52,Object.<anonymous>.__param
FN:52,Object.<anonymous>.__awaiter
FN:52,adopt
FN:52,fulfilled
FN:52,rejected
FN:52,step
FN:52,Object.<anonymous>.__generator
FN:52,sent
FN:52,g.<computed>
FN:52,verb
FN:52,step
FN:52,Object.<anonymous>.__importDefault
FN:22,AuthenticateUserService
FN:29,Object.<anonymous>.AuthenticateUserService.execute
FNF:17
FNH:15
FNDA:1,Object.<anonymous>
FNDA:1,Object.<anonymous>.__decorate
FNDA:1,Object.<anonymous>.__metadata
FNDA:2,Object.<anonymous>.__param
FNDA:3,Object.<anonymous>.__awaiter
FNDA:5,adopt
FNDA:5,fulfilled
FNDA:0,rejected
FNDA:6,step
FNDA:3,Object.<anonymous>.__generator
FNDA:5,sent
FNDA:0,g.<computed>
FNDA:9,verb
FNDA:8,step
FNDA:2,Object.<anonymous>.__importDefault
FNDA:3,AuthenticateUserService
FNDA:3,Object.<anonymous>.AuthenticateUserService.execute
DA:1,1
DA:2,1
DA:3,1
DA:4,1
DA:5,1
DA:6,1
DA:7,1
DA:8,1
DA:9,1
DA:10,1
DA:11,1
DA:12,1
DA:13,1
DA:14,1
DA:15,1
DA:16,1
DA:17,1
DA:18,1
DA:19,1
DA:20,1
DA:21,1
DA:22,1
DA:23,3
DA:24,3
DA:25,3
DA:26,3
DA:27,3
DA:28,1
DA:29,1
DA:30,3
DA:31,3
DA:32,1
DA:33,1
DA:34,2
DA:35,2
DA:36,2
DA:37,2
DA:38,3
DA:39,3
DA:40,1
DA:41,1
DA:42,1
DA:43,1
DA:44,1
DA:45,1
DA:46,1
DA:47,1
DA:48,1
DA:49,3
DA:50,1
DA:51,1
DA:52,1
LF:52
LH:52
BRDA:52,0,0,1
BRDA:52,1,0,1
BRDA:52,2,0,1
BRDA:52,3,0,0
BRDA:52,4,0,0
BRDA:52,5,0,0
BRDA:52,6,0,0
BRDA:52,7,0,1
BRDA:52,8,0,2
BRDA:52,9,0,2
BRDA:52,10,0,3
BRDA:52,11,0,5
BRDA:52,12,0,0
BRDA:52,13,0,3
BRDA:52,14,0,5
BRDA:52,15,0,3
BRDA:52,16,0,2
BRDA:52,17,0,6
BRDA:52,18,0,1
BRDA:52,19,0,5
BRDA:52,20,0,3
BRDA:52,21,0,5
BRDA:52,22,0,0
BRDA:52,23,0,9
BRDA:52,24,0,8
BRDA:52,25,0,8
BRDA:52,26,0,0
BRDA:52,27,0,16
BRDA:52,28,0,0
BRDA:52,29,0,0
BRDA:52,30,0,0
BRDA:52,31,0,0
BRDA:52,32,0,8
BRDA:52,33,0,8
BRDA:52,34,0,5
BRDA:52,35,0,0
BRDA:52,36,0,0
BRDA:52,37,0,3
BRDA:52,38,0,0
BRDA:52,39,0,1
BRDA:52,40,0,0
BRDA:52,41,0,0
BRDA:52,42,0,0
BRDA:52,43,0,0
BRDA:52,44,0,8
BRDA:52,45,0,6
BRDA:52,46,0,2
BRDA:52,47,0,8
BRDA:52,48,0,3
BRDA:52,49,0,2
BRDA:52,50,0,1
BRDA:52,51,0,0
BRDA:52,52,0,2
BRDA:52,53,0,0
BRDA:21,54,0,1
BRDA:22,55,0,3
BRDA:29,56,0,3
BRDA:52,57,0,3
BRDA:52,58,0,8
BRDA:30,59,0,3
BRDA:52,60,0,3
BRDA:31,61,0,1
BRDA:33,62,0,2
BRDA:52,63,0,2
BRDA:39,64,0,1
BRF:65
BRH:45
end_of_record
TN:
SF:src\modules\user\services\CreateUserService.ts
FN:39,Object.<anonymous>
FN:39,Object.<anonymous>.__decorate
FN:39,Object.<anonymous>.__metadata
FN:39,Object.<anonymous>.__param
FN:39,Object.<anonymous>.__awaiter
FN:39,adopt
FN:39,fulfilled
FN:39,rejected
FN:39,step
FN:39,Object.<anonymous>.__generator
FN:39,sent
FN:39,g.<computed>
FN:39,verb
FN:39,step
FN:39,Object.<anonymous>.__importDefault
FN:16,CreateUserService
FN:23,Object.<anonymous>.CreateUserService.execute
FNF:17
FNH:15
FNDA:1,Object.<anonymous>
FNDA:1,Object.<anonymous>.__decorate
FNDA:1,Object.<anonymous>.__metadata
FNDA:2,Object.<anonymous>.__param
FNDA:3,Object.<anonymous>.__awaiter
FNDA:7,adopt
FNDA:7,fulfilled
FNDA:0,rejected
FNDA:9,step
FNDA:3,Object.<anonymous>.__generator
FNDA:7,sent
FNDA:0,g.<computed>
FNDA:9,verb
FNDA:10,step
FNDA:1,Object.<anonymous>.__importDefault
FNDA:2,CreateUserService
FNDA:3,Object.<anonymous>.CreateUserService.execute
DA:1,1
DA:2,1
DA:3,1
DA:4,1
DA:5,1
DA:6,1
DA:7,1
DA:8,1
DA:9,1
DA:10,1
DA:11,1
DA:12,1
DA:13,1
DA:14,1
DA:15,1
DA:16,1
DA:17,2
DA:18,2
DA:19,2
DA:20,2
DA:21,2
DA:22,1
DA:23,1
DA:24,3
DA:25,3
DA:26,3
DA:27,1
DA:28,1
DA:29,2
DA:30,3
DA:31,3
DA:32,3
DA:33,3
DA:34,3
DA:35,3
DA:36,3
DA:37,1
DA:38,1
DA:39,1
LF:39
LH:39
BRDA:39,0,0,1
BRDA:39,1,0,1
BRDA:39,2,0,1
BRDA:39,3,0,0
BRDA:39,4,0,0
BRDA:39,5,0,0
BRDA:39,6,0,0
BRDA:39,7,0,1
BRDA:39,8,0,2
BRDA:39,9,0,2
BRDA:39,10,0,3
BRDA:39,11,0,7
BRDA:39,12,0,0
BRDA:39,13,0,3
BRDA:39,14,0,7
BRDA:39,15,0,6
BRDA:39,16,0,1
BRDA:39,17,0,9
BRDA:39,18,0,2
BRDA:39,19,0,7
BRDA:39,20,0,3
BRDA:39,21,0,7
BRDA:39,22,0,0
BRDA:39,23,0,9
BRDA:39,24,0,10
BRDA:39,25,0,10
BRDA:39,26,0,0
BRDA:39,27,0,20
BRDA:39,28,0,0
BRDA:39,29,0,0
BRDA:39,30,0,0
BRDA:39,31,0,0
BRDA:39,32,0,10
BRDA:39,33,0,10
BRDA:39,34,0,7
BRDA:39,35,0,0
BRDA:39,36,0,0
BRDA:39,37,0,3
BRDA:39,38,0,0
BRDA:39,39,0,2
BRDA:39,40,0,0
BRDA:39,41,0,0
BRDA:39,42,0,0
BRDA:39,43,0,0
BRDA:39,44,0,10
BRDA:39,45,0,9
BRDA:39,46,0,1
BRDA:39,47,0,10
BRDA:39,48,0,3
BRDA:39,49,0,1
BRDA:39,50,0,2
BRDA:39,51,0,0
BRDA:39,52,0,1
BRDA:39,53,0,0
BRDA:15,54,0,1
BRDA:16,55,0,2
BRDA:23,56,0,3
BRDA:39,57,0,3
BRDA:39,58,0,10
BRDA:24,59,0,3
BRDA:39,60,0,3
BRDA:26,61,0,1
BRDA:28,62,0,2
BRDA:39,63,0,2
BRDA:39,64,0,2
BRF:65
BRH:45
end_of_record
TN:
SF:src\modules\user\services\UpdateAvatarService.ts
FN:39,Object.<anonymous>
FN:39,Object.<anonymous>.__decorate
FN:39,Object.<anonymous>.__metadata
FN:39,Object.<anonymous>.__param
FN:39,Object.<anonymous>.__awaiter
FN:39,adopt
FN:39,fulfilled
FN:39,rejected
FN:39,step
FN:39,Object.<anonymous>.__generator
FN:39,sent
FN:39,g.<computed>
FN:39,verb
FN:39,step
FN:39,Object.<anonymous>.__importDefault
FN:14,CreateAvatarService
FN:21,Object.<anonymous>.CreateAvatarService.execute
FNF:17
FNH:15
FNDA:1,Object.<anonymous>
FNDA:1,Object.<anonymous>.__decorate
FNDA:1,Object.<anonymous>.__metadata
FNDA:2,Object.<anonymous>.__param
FNDA:4,Object.<anonymous>.__awaiter
FNDA:11,adopt
FNDA:11,fulfilled
FNDA:0,rejected
FNDA:14,step
FNDA:4,Object.<anonymous>.__generator
FNDA:11,sent
FNDA:0,g.<computed>
FNDA:12,verb
FNDA:15,step
FNDA:1,Object.<anonymous>.__importDefault
FNDA:3,CreateAvatarService
FNDA:4,Object.<anonymous>.CreateAvatarService.execute
DA:1,1
DA:2,1
DA:3,1
DA:4,1
DA:5,1
DA:6,1
DA:7,1
DA:8,1
DA:9,1
DA:10,1
DA:11,1
DA:12,1
DA:13,1
DA:14,1
DA:15,3
DA:16,3
DA:17,3
DA:18,3
DA:19,3
DA:20,1
DA:21,1
DA:22,4
DA:23,4
DA:24,4
DA:25,1
DA:26,1
DA:27,3
DA:28,3
DA:29,1
DA:30,4
DA:31,4
DA:32,4
DA:33,4
DA:34,4
DA:35,4
DA:36,4
DA:37,1
DA:38,1
DA:39,1
LF:39
LH:39
BRDA:39,0,0,1
BRDA:39,1,0,1
BRDA:39,2,0,1
BRDA:39,3,0,0
BRDA:39,4,0,0
BRDA:39,5,0,0
BRDA:39,6,0,0
BRDA:39,7,0,1
BRDA:39,8,0,2
BRDA:39,9,0,2
BRDA:39,10,0,4
BRDA:39,11,0,11
BRDA:39,12,0,0
BRDA:39,13,0,4
BRDA:39,14,0,11
BRDA:39,15,0,10
BRDA:39,16,0,1
BRDA:39,17,0,14
BRDA:39,18,0,3
BRDA:39,19,0,11
BRDA:39,20,0,4
BRDA:39,21,0,11
BRDA:39,22,0,0
BRDA:39,23,0,12
BRDA:39,24,0,15
BRDA:39,25,0,15
BRDA:39,26,0,0
BRDA:39,27,0,32
BRDA:39,28,0,0
BRDA:39,29,0,0
BRDA:39,30,0,0
BRDA:39,31,0,0
BRDA:39,32,0,15
BRDA:39,33,0,15
BRDA:39,34,0,11
BRDA:39,35,0,0
BRDA:39,36,0,0
BRDA:39,37,0,6
BRDA:39,38,0,0
BRDA:39,39,0,5
BRDA:39,40,0,4
BRDA:39,41,0,2
BRDA:39,42,0,0
BRDA:39,43,0,2
BRDA:39,44,0,0
BRDA:39,45,0,0
BRDA:39,46,0,0
BRDA:39,47,0,17
BRDA:39,48,0,16
BRDA:39,49,0,1
BRDA:39,50,0,17
BRDA:39,51,0,4
BRDA:39,52,0,1
BRDA:39,53,0,3
BRDA:39,54,0,0
BRDA:39,55,0,1
BRDA:39,56,0,0
BRDA:13,57,0,1
BRDA:14,58,0,3
BRDA:21,59,0,4
BRDA:39,60,0,4
BRDA:39,61,0,17
BRDA:22,62,0,4
BRDA:39,63,0,4
BRDA:24,64,0,1
BRDA:26,65,0,3
BRDA:28,66,0,2
BRDA:28,67,0,1
BRDA:39,68,0,1
BRDA:32,69,0,3
BRDA:39,70,0,3
BRDA:39,71,0,3
BRF:72
BRH:52
end_of_record
TN:
SF:src\modules\user\services\UpdateUserService.ts
FN:38,Object.<anonymous>
FN:38,Object.<anonymous>.__decorate
FN:38,Object.<anonymous>.__metadata
FN:38,Object.<anonymous>.__param
FN:38,Object.<anonymous>.__awaiter
FN:38,adopt
FN:38,fulfilled
FN:38,rejected
FN:38,step
FN:38,Object.<anonymous>.__generator
FN:38,sent
FN:38,g.<computed>
FN:38,verb
FN:38,step
FN:38,Object.<anonymous>.__importDefault
FN:14,UpdateUserService
FN:19,Object.<anonymous>.UpdateUserService.execute
FNF:17
FNH:15
FNDA:1,Object.<anonymous>
FNDA:1,Object.<anonymous>.__decorate
FNDA:1,Object.<anonymous>.__metadata
FNDA:1,Object.<anonymous>.__param
FNDA:4,Object.<anonymous>.__awaiter
FNDA:9,adopt
FNDA:9,fulfilled
FNDA:0,rejected
FNDA:11,step
FNDA:4,Object.<anonymous>.__generator
FNDA:9,sent
FNDA:0,g.<computed>
FNDA:12,verb
FNDA:13,step
FNDA:1,Object.<anonymous>.__importDefault
FNDA:4,UpdateUserService
FNDA:4,Object.<anonymous>.UpdateUserService.execute
DA:1,1
DA:2,1
DA:3,1
DA:4,1
DA:5,1
DA:6,1
DA:7,1
DA:8,1
DA:9,1
DA:10,1
DA:11,1
DA:12,1
DA:13,1
DA:14,1
DA:15,4
DA:16,4
DA:17,4
DA:18,1
DA:19,1
DA:20,4
DA:21,4
DA:22,4
DA:23,1
DA:24,1
DA:25,3
DA:26,3
DA:27,4
DA:28,1
DA:29,1
DA:30,2
DA:31,2
DA:32,2
DA:33,2
DA:34,4
DA:35,4
DA:36,1
DA:37,1
DA:38,1
LF:38
LH:38
BRDA:38,0,0,1
BRDA:38,1,0,1
BRDA:38,2,0,1
BRDA:38,3,0,0
BRDA:38,4,0,0
BRDA:38,5,0,0
BRDA:38,6,0,0
BRDA:38,7,0,1
BRDA:38,8,0,1
BRDA:38,9,0,1
BRDA:38,10,0,4
BRDA:38,11,0,9
BRDA:38,12,0,0
BRDA:38,13,0,4
BRDA:38,14,0,9
BRDA:38,15,0,7
BRDA:38,16,0,2
BRDA:38,17,0,11
BRDA:38,18,0,2
BRDA:38,19,0,9
BRDA:38,20,0,4
BRDA:38,21,0,9
BRDA:38,22,0,0
BRDA:38,23,0,12
BRDA:38,24,0,13
BRDA:38,25,0,13
BRDA:38,26,0,0
BRDA:38,27,0,26
BRDA:38,28,0,0
BRDA:38,29,0,0
BRDA:38,30,0,0
BRDA:38,31,0,0
BRDA:38,32,0,13
BRDA:38,33,0,13
BRDA:38,34,0,9
BRDA:38,35,0,0
BRDA:38,36,0,0
BRDA:38,37,0,4
BRDA:38,38,0,0
BRDA:38,39,0,2
BRDA:38,40,0,0
BRDA:38,41,0,0
BRDA:38,42,0,0
BRDA:38,43,0,0
BRDA:38,44,0,13
BRDA:38,45,0,11
BRDA:38,46,0,2
BRDA:38,47,0,13
BRDA:38,48,0,4
BRDA:38,49,0,2
BRDA:38,50,0,0
BRDA:38,51,0,1
BRDA:38,52,0,0
BRDA:13,53,0,1
BRDA:14,54,0,4
BRDA:19,55,0,4
BRDA:38,56,0,4
BRDA:38,57,0,13
BRDA:20,58,0,4
BRDA:38,59,0,4
BRDA:22,60,0,1
BRDA:24,61,0,3
BRDA:38,62,0,3
BRDA:27,63,0,1
BRDA:29,64,0,2
BRDA:38,65,0,2
BRF:66
BRH:46
end_of_record
